2025-03-04 01:00:47.2344 | INFO | HelloGreetingApplication.Program | Application Starting... 
2025-03-04 01:00:48.8204 | INFO | Microsoft.Hosting.Lifetime | Now listening on: https://localhost:7210 
2025-03-04 01:00:48.8315 | INFO | Microsoft.Hosting.Lifetime | Now listening on: http://localhost:5224 
2025-03-04 01:00:48.8960 | INFO | Microsoft.Hosting.Lifetime | Application started. Press Ctrl+C to shut down. 
2025-03-04 01:00:48.8960 | INFO | Microsoft.Hosting.Lifetime | Hosting environment: Development 
2025-03-04 01:00:48.8960 | INFO | Microsoft.Hosting.Lifetime | Content root path: C:\Users\Sujeet\OneDrive\Desktop\BL_Cg_API\HelloGreetingApplication\ 
2025-03-04 01:00:50.8171 | INFO | Microsoft.AspNetCore.Hosting.Diagnostics | Request starting HTTP/2 GET https://localhost:7210/Swagger - - 
2025-03-04 01:00:51.1648 | INFO | Microsoft.AspNetCore.Hosting.Diagnostics | Request finished HTTP/2 GET https://localhost:7210/Swagger - - - 301 0 - 353.4597ms 
2025-03-04 01:00:51.1648 | INFO | Microsoft.AspNetCore.Hosting.Diagnostics | Request starting HTTP/2 GET https://localhost:7210/Swagger/index.html - - 
2025-03-04 01:00:51.3245 | INFO | Microsoft.AspNetCore.Hosting.Diagnostics | Request finished HTTP/2 GET https://localhost:7210/Swagger/index.html - - - 200 - text/html;charset=utf-8 155.1601ms 
2025-03-04 01:00:51.3354 | INFO | Microsoft.AspNetCore.Hosting.Diagnostics | Request starting HTTP/2 GET https://localhost:7210/Swagger/swagger-ui.css - - 
2025-03-04 01:00:51.3354 | INFO | Microsoft.AspNetCore.Hosting.Diagnostics | Request starting HTTP/2 GET https://localhost:7210/Swagger/index.css - - 
2025-03-04 01:00:51.3354 | INFO | Microsoft.AspNetCore.Hosting.Diagnostics | Request starting HTTP/2 GET https://localhost:7210/Swagger/swagger-ui-bundle.js - - 
2025-03-04 01:00:51.3354 | INFO | Microsoft.AspNetCore.Hosting.Diagnostics | Request starting HTTP/2 GET https://localhost:7210/Swagger/swagger-ui-standalone-preset.js - - 
2025-03-04 01:00:51.3354 | INFO | Microsoft.AspNetCore.Hosting.Diagnostics | Request starting HTTP/2 GET https://localhost:7210/Swagger/index.js - - 
2025-03-04 01:00:51.3354 | INFO | Microsoft.AspNetCore.Hosting.Diagnostics | Request starting HTTP/2 GET https://localhost:7210/_framework/aspnetcore-browser-refresh.js - - 
2025-03-04 01:00:51.3483 | INFO | Microsoft.AspNetCore.Hosting.Diagnostics | Request finished HTTP/2 GET https://localhost:7210/Swagger/index.js - - - 200 - application/javascript;charset=utf-8 11.3401ms 
2025-03-04 01:00:51.3483 | INFO | Microsoft.AspNetCore.Hosting.Diagnostics | Request finished HTTP/2 GET https://localhost:7210/_framework/aspnetcore-browser-refresh.js - - - 200 12380 application/javascript;+charset=utf-8 19.7202ms 
2025-03-04 01:00:51.3685 | INFO | Microsoft.AspNetCore.StaticFiles.StaticFileMiddleware | Sending file. Request path: '/index.css'. Physical path: 'N/A' 
2025-03-04 01:00:51.3685 | INFO | Microsoft.AspNetCore.Hosting.Diagnostics | Request finished HTTP/2 GET https://localhost:7210/Swagger/index.css - - - 200 202 text/css 34.0340ms 
2025-03-04 01:00:51.4338 | INFO | Microsoft.AspNetCore.StaticFiles.StaticFileMiddleware | Sending file. Request path: '/swagger-ui-standalone-preset.js'. Physical path: 'N/A' 
2025-03-04 01:00:51.4338 | INFO | Microsoft.AspNetCore.StaticFiles.StaticFileMiddleware | Sending file. Request path: '/swagger-ui.css'. Physical path: 'N/A' 
2025-03-04 01:00:51.4428 | INFO | Microsoft.AspNetCore.Hosting.Diagnostics | Request finished HTTP/2 GET https://localhost:7210/Swagger/swagger-ui.css - - - 200 154948 text/css 107.2867ms 
2025-03-04 01:00:51.4428 | INFO | Microsoft.AspNetCore.Hosting.Diagnostics | Request finished HTTP/2 GET https://localhost:7210/Swagger/swagger-ui-standalone-preset.js - - - 200 229223 application/javascript 106.5448ms 
2025-03-04 01:00:51.5531 | INFO | Microsoft.AspNetCore.StaticFiles.StaticFileMiddleware | Sending file. Request path: '/swagger-ui-bundle.js'. Physical path: 'N/A' 
2025-03-04 01:00:51.5531 | INFO | Microsoft.AspNetCore.Hosting.Diagnostics | Request finished HTTP/2 GET https://localhost:7210/Swagger/swagger-ui-bundle.js - - - 200 1466324 application/javascript 217.0890ms 
2025-03-04 01:00:51.6795 | INFO | Microsoft.AspNetCore.Hosting.Diagnostics | Request starting HTTP/2 GET https://localhost:7210/_vs/browserLink - - 
2025-03-04 01:00:51.7562 | INFO | Microsoft.AspNetCore.Hosting.Diagnostics | Request finished HTTP/2 GET https://localhost:7210/_vs/browserLink - - - 200 - text/javascript;+charset=UTF-8 76.7026ms 
2025-03-04 01:00:52.4643 | INFO | Microsoft.AspNetCore.Hosting.Diagnostics | Request starting HTTP/2 GET https://localhost:7210/Swagger/v1/swagger.json - - 
2025-03-04 01:00:52.4744 | INFO | Microsoft.AspNetCore.Hosting.Diagnostics | Request finished HTTP/2 GET https://localhost:7210/Swagger/v1/swagger.json - - - 200 - application/json;charset=utf-8 10.0637ms 
2025-03-04 01:00:52.5005 | INFO | Microsoft.AspNetCore.Hosting.Diagnostics | Request starting HTTP/2 GET https://localhost:7210/Swagger/favicon-32x32.png - - 
2025-03-04 01:00:52.5005 | INFO | Microsoft.AspNetCore.StaticFiles.StaticFileMiddleware | Sending file. Request path: '/favicon-32x32.png'. Physical path: 'N/A' 
2025-03-04 01:00:52.5005 | INFO | Microsoft.AspNetCore.Hosting.Diagnostics | Request finished HTTP/2 GET https://localhost:7210/Swagger/favicon-32x32.png - - - 200 628 image/png 1.0138ms 
2025-03-04 01:01:02.2385 | INFO | Microsoft.AspNetCore.Hosting.Diagnostics | Request starting HTTP/2 GET https://localhost:7210/HelloGreeting - - 
2025-03-04 01:01:02.2385 | INFO | Microsoft.AspNetCore.Routing.EndpointMiddleware | Executing endpoint 'HelloGreetingApplication.Controllers.HelloGreetingController.Get (HelloGreetingApplication)' 
2025-03-04 01:01:02.2680 | INFO | Microsoft.AspNetCore.Mvc.Infrastructure.ControllerActionInvoker | Route matched with {action = "Get", controller = "HelloGreeting"}. Executing controller action with signature Microsoft.AspNetCore.Mvc.IActionResult Get() on controller HelloGreetingApplication.Controllers.HelloGreetingController (HelloGreetingApplication). 
2025-03-04 01:01:02.2839 | INFO | HelloGreetingApplication.Controllers.HelloGreetingController | GET request received at /HelloGreeting 
2025-03-04 01:01:02.2839 | INFO | BusinessLayer.Service.GreetingBL | GetGreeting method called with parameters: FirstName=, LastName= 
2025-03-04 01:01:02.2839 | INFO | BusinessLayer.Service.GreetingBL | Returning default greeting message 
2025-03-04 01:01:02.2839 | INFO | HelloGreetingApplication.Controllers.HelloGreetingController | GET request processed successfully 
2025-03-04 01:01:02.2839 | INFO | Microsoft.AspNetCore.Mvc.Infrastructure.ObjectResultExecutor | Executing OkObjectResult, writing value of type 'ModelLayer.Model.ResponseModel`1[[System.String, System.Private.CoreLib, Version=6.0.0.0, Culture=neutral, PublicKeyToken=7cec85d7bea7798e]]'. 
2025-03-04 01:01:02.3005 | INFO | Microsoft.AspNetCore.Mvc.Infrastructure.ControllerActionInvoker | Executed action HelloGreetingApplication.Controllers.HelloGreetingController.Get (HelloGreetingApplication) in 26.0004ms 
2025-03-04 01:01:02.3005 | INFO | Microsoft.AspNetCore.Routing.EndpointMiddleware | Executed endpoint 'HelloGreetingApplication.Controllers.HelloGreetingController.Get (HelloGreetingApplication)' 
2025-03-04 01:01:02.3005 | INFO | Microsoft.AspNetCore.Hosting.Diagnostics | Request finished HTTP/2 GET https://localhost:7210/HelloGreeting - - - 200 - application/json;+charset=utf-8 62.2500ms 
2025-03-04 01:01:36.2948 | INFO | Microsoft.AspNetCore.Hosting.Diagnostics | Request starting HTTP/2 POST https://localhost:7210/HelloGreeting application/json 50 
2025-03-04 01:01:36.2977 | INFO | Microsoft.AspNetCore.Routing.EndpointMiddleware | Executing endpoint 'HelloGreetingApplication.Controllers.HelloGreetingController.Post (HelloGreetingApplication)' 
2025-03-04 01:01:36.3244 | INFO | Microsoft.AspNetCore.Mvc.Infrastructure.ControllerActionInvoker | Route matched with {action = "Post", controller = "HelloGreeting"}. Executing controller action with signature Microsoft.AspNetCore.Mvc.IActionResult Post(ModelLayer.Model.RequestModel) on controller HelloGreetingApplication.Controllers.HelloGreetingController (HelloGreetingApplication). 
2025-03-04 01:01:36.3810 | INFO | HelloGreetingApplication.Controllers.HelloGreetingController | POST request received with FirstName=Sujeet, LastName=Kumar 
2025-03-04 01:01:36.3810 | INFO | BusinessLayer.Service.GreetingBL | GetGreeting method called with parameters: FirstName=Sujeet, LastName=Kumar 
2025-03-04 01:01:36.3810 | INFO | BusinessLayer.Service.GreetingBL | Returning greeting message with both first name and last name 
2025-03-04 01:01:36.3810 | INFO | HelloGreetingApplication.Controllers.HelloGreetingController | POST request processed successfully 
2025-03-04 01:01:36.3810 | INFO | Microsoft.AspNetCore.Mvc.Infrastructure.ObjectResultExecutor | Executing OkObjectResult, writing value of type 'ModelLayer.Model.ResponseModel`1[[System.String, System.Private.CoreLib, Version=6.0.0.0, Culture=neutral, PublicKeyToken=7cec85d7bea7798e]]'. 
2025-03-04 01:01:36.3810 | INFO | Microsoft.AspNetCore.Mvc.Infrastructure.ControllerActionInvoker | Executed action HelloGreetingApplication.Controllers.HelloGreetingController.Post (HelloGreetingApplication) in 56.9543ms 
2025-03-04 01:01:36.3810 | INFO | Microsoft.AspNetCore.Routing.EndpointMiddleware | Executed endpoint 'HelloGreetingApplication.Controllers.HelloGreetingController.Post (HelloGreetingApplication)' 
2025-03-04 01:01:36.3810 | INFO | Microsoft.AspNetCore.Hosting.Diagnostics | Request finished HTTP/2 POST https://localhost:7210/HelloGreeting application/json 50 - 200 - application/json;+charset=utf-8 86.8128ms 
2025-03-04 21:37:32.9303 | INFO | HelloGreetingApplication.Program | Application Starting... 
2025-03-04 21:43:54.5025 | INFO | HelloGreetingApplication.Program | Application Starting... 
2025-03-04 21:43:55.6484 | INFO | Microsoft.EntityFrameworkCore.Infrastructure | Entity Framework Core 6.0.36 initialized 'GreetingContext' using provider 'Microsoft.EntityFrameworkCore.SqlServer:6.0.36' with options: None 
2025-03-04 21:44:20.4618 | INFO | HelloGreetingApplication.Program | Application Starting... 
2025-03-04 21:44:21.4253 | INFO | Microsoft.EntityFrameworkCore.Infrastructure | Entity Framework Core 6.0.36 initialized 'GreetingContext' using provider 'Microsoft.EntityFrameworkCore.SqlServer:6.0.36' with options: None 
2025-03-04 21:44:22.4726 | INFO | Microsoft.EntityFrameworkCore.Database.Command | Executed DbCommand (358ms) [Parameters=[], CommandType='Text', CommandTimeout='60']
CREATE DATABASE [HelloGreeting]; 
2025-03-04 21:44:22.5980 | INFO | Microsoft.EntityFrameworkCore.Database.Command | Executed DbCommand (119ms) [Parameters=[], CommandType='Text', CommandTimeout='60']
IF SERVERPROPERTY('EngineEdition') <> 5
BEGIN
    ALTER DATABASE [HelloGreeting] SET READ_COMMITTED_SNAPSHOT ON;
END; 
2025-03-04 21:44:22.6302 | INFO | Microsoft.EntityFrameworkCore.Database.Command | Executed DbCommand (11ms) [Parameters=[], CommandType='Text', CommandTimeout='30']
SELECT 1 
2025-03-04 21:44:22.7921 | INFO | Microsoft.EntityFrameworkCore.Database.Command | Executed DbCommand (23ms) [Parameters=[], CommandType='Text', CommandTimeout='30']
CREATE TABLE [__EFMigrationsHistory] (
    [MigrationId] nvarchar(150) NOT NULL,
    [ProductVersion] nvarchar(32) NOT NULL,
    CONSTRAINT [PK___EFMigrationsHistory] PRIMARY KEY ([MigrationId])
); 
2025-03-04 21:44:22.7921 | INFO | Microsoft.EntityFrameworkCore.Database.Command | Executed DbCommand (1ms) [Parameters=[], CommandType='Text', CommandTimeout='30']
SELECT 1 
2025-03-04 21:44:22.8241 | INFO | Microsoft.EntityFrameworkCore.Database.Command | Executed DbCommand (21ms) [Parameters=[], CommandType='Text', CommandTimeout='30']
SELECT OBJECT_ID(N'[__EFMigrationsHistory]'); 
2025-03-04 21:44:22.8483 | INFO | Microsoft.EntityFrameworkCore.Database.Command | Executed DbCommand (20ms) [Parameters=[], CommandType='Text', CommandTimeout='30']
SELECT [MigrationId], [ProductVersion]
FROM [__EFMigrationsHistory]
ORDER BY [MigrationId]; 
2025-03-04 21:44:22.8714 | INFO | Microsoft.EntityFrameworkCore.Migrations | Applying migration '20250304161355_Initial'. 
2025-03-04 21:44:22.9066 | INFO | Microsoft.EntityFrameworkCore.Database.Command | Executed DbCommand (7ms) [Parameters=[], CommandType='Text', CommandTimeout='30']
CREATE TABLE [Greetings] (
    [Id] int NOT NULL IDENTITY,
    [Greeting] nvarchar(max) NOT NULL,
    CONSTRAINT [PK_Greetings] PRIMARY KEY ([Id])
); 
2025-03-04 21:44:22.9232 | INFO | Microsoft.EntityFrameworkCore.Database.Command | Executed DbCommand (15ms) [Parameters=[], CommandType='Text', CommandTimeout='30']
INSERT INTO [__EFMigrationsHistory] ([MigrationId], [ProductVersion])
VALUES (N'20250304161355_Initial', N'6.0.36'); 
2025-03-04 23:09:00.1747 | INFO | HelloGreetingApplication.Program | Application Starting... 
2025-03-04 23:09:02.0820 | INFO | Microsoft.Hosting.Lifetime | Now listening on: https://localhost:7210 
2025-03-04 23:09:02.0982 | INFO | Microsoft.Hosting.Lifetime | Now listening on: http://localhost:5224 
2025-03-04 23:09:02.2706 | INFO | Microsoft.Hosting.Lifetime | Application started. Press Ctrl+C to shut down. 
2025-03-04 23:09:02.2706 | INFO | Microsoft.Hosting.Lifetime | Hosting environment: Development 
2025-03-04 23:09:02.2706 | INFO | Microsoft.Hosting.Lifetime | Content root path: C:\Users\Sujeet\OneDrive\Desktop\BL_Cg_API\HelloGreetingApplication\ 
2025-03-04 23:09:06.1177 | INFO | Microsoft.AspNetCore.Hosting.Diagnostics | Request starting HTTP/2 GET https://localhost:7210/Swagger/index.html - - 
2025-03-04 23:09:06.5782 | INFO | Microsoft.AspNetCore.Hosting.Diagnostics | Request finished HTTP/2 GET https://localhost:7210/Swagger/index.html - - - 200 - text/html;charset=utf-8 465.3054ms 
2025-03-04 23:09:06.6049 | INFO | Microsoft.AspNetCore.Hosting.Diagnostics | Request starting HTTP/2 GET https://localhost:7210/Swagger/swagger-ui.css - - 
2025-03-04 23:09:06.6049 | INFO | Microsoft.AspNetCore.Hosting.Diagnostics | Request starting HTTP/2 GET https://localhost:7210/Swagger/index.css - - 
2025-03-04 23:09:06.6049 | INFO | Microsoft.AspNetCore.Hosting.Diagnostics | Request starting HTTP/2 GET https://localhost:7210/Swagger/swagger-ui-bundle.js - - 
2025-03-04 23:09:06.6049 | INFO | Microsoft.AspNetCore.Hosting.Diagnostics | Request starting HTTP/2 GET https://localhost:7210/_framework/aspnetcore-browser-refresh.js - - 
2025-03-04 23:09:06.6049 | INFO | Microsoft.AspNetCore.Hosting.Diagnostics | Request starting HTTP/2 GET https://localhost:7210/Swagger/swagger-ui-standalone-preset.js - - 
2025-03-04 23:09:06.6244 | INFO | Microsoft.AspNetCore.Hosting.Diagnostics | Request starting HTTP/2 GET https://localhost:7210/Swagger/index.js - - 
2025-03-04 23:09:06.6599 | INFO | Microsoft.AspNetCore.Hosting.Diagnostics | Request finished HTTP/2 GET https://localhost:7210/Swagger/index.js - - - 200 - application/javascript;charset=utf-8 36.6064ms 
2025-03-04 23:09:06.6599 | INFO | Microsoft.AspNetCore.Hosting.Diagnostics | Request finished HTTP/2 GET https://localhost:7210/_framework/aspnetcore-browser-refresh.js - - - 200 12380 application/javascript;+charset=utf-8 57.6162ms 
2025-03-04 23:09:06.6599 | INFO | Microsoft.AspNetCore.StaticFiles.StaticFileMiddleware | The file /swagger-ui-standalone-preset.js was not modified 
2025-03-04 23:09:06.6599 | INFO | Microsoft.AspNetCore.StaticFiles.StaticFileMiddleware | The file /swagger-ui-bundle.js was not modified 
2025-03-04 23:09:06.6599 | INFO | Microsoft.AspNetCore.StaticFiles.StaticFileMiddleware | The file /index.css was not modified 
2025-03-04 23:09:06.6599 | INFO | Microsoft.AspNetCore.StaticFiles.StaticFileMiddleware | The file /swagger-ui.css was not modified 
2025-03-04 23:09:06.6599 | INFO | Microsoft.AspNetCore.Hosting.Diagnostics | Request finished HTTP/2 GET https://localhost:7210/Swagger/swagger-ui.css - - - 304 - text/css 65.6529ms 
2025-03-04 23:09:06.6599 | INFO | Microsoft.AspNetCore.Hosting.Diagnostics | Request finished HTTP/2 GET https://localhost:7210/Swagger/swagger-ui-bundle.js - - - 304 - application/javascript 64.3067ms 
2025-03-04 23:09:06.6599 | INFO | Microsoft.AspNetCore.Hosting.Diagnostics | Request finished HTTP/2 GET https://localhost:7210/Swagger/index.css - - - 304 - text/css 64.2829ms 
2025-03-04 23:09:06.6599 | INFO | Microsoft.AspNetCore.Hosting.Diagnostics | Request finished HTTP/2 GET https://localhost:7210/Swagger/swagger-ui-standalone-preset.js - - - 304 - application/javascript 63.5359ms 
2025-03-04 23:09:06.8657 | INFO | Microsoft.AspNetCore.Hosting.Diagnostics | Request starting HTTP/2 GET https://localhost:7210/_vs/browserLink - - 
2025-03-04 23:09:07.1712 | INFO | Microsoft.AspNetCore.Hosting.Diagnostics | Request finished HTTP/2 GET https://localhost:7210/_vs/browserLink - - - 200 - text/javascript;+charset=UTF-8 305.4664ms 
2025-03-04 23:09:07.6988 | INFO | Microsoft.AspNetCore.Hosting.Diagnostics | Request starting HTTP/2 GET https://localhost:7210/Swagger/v1/swagger.json - - 
2025-03-04 23:09:07.7052 | INFO | Microsoft.AspNetCore.Hosting.Diagnostics | Request finished HTTP/2 GET https://localhost:7210/Swagger/v1/swagger.json - - - 200 - application/json;charset=utf-8 6.4748ms 
2025-03-04 23:10:29.8106 | INFO | Microsoft.AspNetCore.Hosting.Diagnostics | Request starting HTTP/2 POST https://localhost:7210/HelloGreeting/Add application/json 36 
2025-03-04 23:10:29.8462 | INFO | Microsoft.AspNetCore.Routing.EndpointMiddleware | Executing endpoint 'HelloGreetingApplication.Controllers.HelloGreetingController.AddGreeting (HelloGreetingApplication)' 
2025-03-04 23:10:29.8786 | INFO | Microsoft.AspNetCore.Mvc.Infrastructure.ControllerActionInvoker | Route matched with {action = "AddGreeting", controller = "HelloGreeting"}. Executing controller action with signature Microsoft.AspNetCore.Mvc.IActionResult AddGreeting(ModelLayer.Model.GreetingModel) on controller HelloGreetingApplication.Controllers.HelloGreetingController (HelloGreetingApplication). 
2025-03-04 23:10:30.2438 | INFO | HelloGreetingApplication.Controllers.HelloGreetingController | POST request received at /HelloGreeting/Add 
2025-03-04 23:10:30.2438 | INFO | BusinessLayer.Service.GreetingBL | Business Layer - AddGreeting method started. 
2025-03-04 23:10:30.2438 | INFO | RepositoryLayer.Service.GreetingRL | Repository Layer - AddGreeting method started. 
2025-03-04 23:10:30.8947 | INFO | Microsoft.EntityFrameworkCore.Infrastructure | Entity Framework Core 6.0.36 initialized 'GreetingContext' using provider 'Microsoft.EntityFrameworkCore.SqlServer:6.0.36' with options: None 
2025-03-04 23:10:32.0035 | INFO | Microsoft.EntityFrameworkCore.Database.Command | Executed DbCommand (139ms) [Parameters=[@p0='?' (Size = 4000)], CommandType='Text', CommandTimeout='30']
SET NOCOUNT ON;
INSERT INTO [Greetings] ([Greeting])
VALUES (@p0);
SELECT [Id]
FROM [Greetings]
WHERE @@ROWCOUNT = 1 AND [Id] = scope_identity(); 
2025-03-04 23:10:32.0963 | INFO | RepositoryLayer.Service.GreetingRL | Repository Layer - Greeting added successfully. 
2025-03-04 23:10:32.0963 | INFO | HelloGreetingApplication.Controllers.HelloGreetingController | POST request processed successfully 
2025-03-04 23:10:32.0963 | INFO | Microsoft.AspNetCore.Mvc.Infrastructure.ObjectResultExecutor | Executing CreatedResult, writing value of type 'ModelLayer.Model.ResponseModel`1[[RepositoryLayer.Entity.GreetingEntity, RepositoryLayer, Version=1.0.0.0, Culture=neutral, PublicKeyToken=null]]'. 
2025-03-04 23:10:32.1141 | INFO | Microsoft.AspNetCore.Mvc.Infrastructure.ControllerActionInvoker | Executed action HelloGreetingApplication.Controllers.HelloGreetingController.AddGreeting (HelloGreetingApplication) in 2230.6602ms 
2025-03-04 23:10:32.1141 | INFO | Microsoft.AspNetCore.Routing.EndpointMiddleware | Executed endpoint 'HelloGreetingApplication.Controllers.HelloGreetingController.AddGreeting (HelloGreetingApplication)' 
2025-03-04 23:10:32.1261 | INFO | Microsoft.AspNetCore.Hosting.Diagnostics | Request finished HTTP/2 POST https://localhost:7210/HelloGreeting/Add application/json 36 - 201 - application/json;+charset=utf-8 2315.5027ms 
2025-03-05 00:10:25.6794 | INFO | HelloGreetingApplication.Program | Application Starting... 
2025-03-05 00:10:27.3972 | INFO | Microsoft.Hosting.Lifetime | Now listening on: https://localhost:7210 
2025-03-05 00:10:27.4097 | INFO | Microsoft.Hosting.Lifetime | Now listening on: http://localhost:5224 
2025-03-05 00:10:27.4891 | INFO | Microsoft.Hosting.Lifetime | Application started. Press Ctrl+C to shut down. 
2025-03-05 00:10:27.4891 | INFO | Microsoft.Hosting.Lifetime | Hosting environment: Development 
2025-03-05 00:10:27.4891 | INFO | Microsoft.Hosting.Lifetime | Content root path: C:\Users\Sujeet\OneDrive\Desktop\BL_Cg_API\HelloGreetingApplication\ 
2025-03-05 00:10:28.7984 | INFO | Microsoft.AspNetCore.Hosting.Diagnostics | Request starting HTTP/2 GET https://localhost:7210/Swagger/index.html - - 
2025-03-05 00:10:29.2293 | INFO | Microsoft.AspNetCore.Hosting.Diagnostics | Request finished HTTP/2 GET https://localhost:7210/Swagger/index.html - - - 200 - text/html;charset=utf-8 434.5670ms 
2025-03-05 00:10:29.2666 | INFO | Microsoft.AspNetCore.Hosting.Diagnostics | Request starting HTTP/2 GET https://localhost:7210/_framework/aspnetcore-browser-refresh.js - - 
2025-03-05 00:10:29.2666 | INFO | Microsoft.AspNetCore.Hosting.Diagnostics | Request starting HTTP/2 GET https://localhost:7210/Swagger/index.js - - 
2025-03-05 00:10:29.2666 | INFO | Microsoft.AspNetCore.Hosting.Diagnostics | Request finished HTTP/2 GET https://localhost:7210/Swagger/index.js - - - 200 - application/javascript;charset=utf-8 2.1347ms 
2025-03-05 00:10:29.2666 | INFO | Microsoft.AspNetCore.Hosting.Diagnostics | Request finished HTTP/2 GET https://localhost:7210/_framework/aspnetcore-browser-refresh.js - - - 200 12380 application/javascript;+charset=utf-8 6.1899ms 
2025-03-05 00:10:29.5069 | INFO | Microsoft.AspNetCore.Hosting.Diagnostics | Request starting HTTP/2 GET https://localhost:7210/_vs/browserLink - - 
2025-03-05 00:10:29.5837 | INFO | Microsoft.AspNetCore.Hosting.Diagnostics | Request finished HTTP/2 GET https://localhost:7210/_vs/browserLink - - - 200 - text/javascript;+charset=UTF-8 76.7090ms 
2025-03-05 00:10:30.4480 | INFO | Microsoft.AspNetCore.Hosting.Diagnostics | Request starting HTTP/2 GET https://localhost:7210/Swagger/v1/swagger.json - - 
2025-03-05 00:10:30.4567 | INFO | Microsoft.AspNetCore.Hosting.Diagnostics | Request finished HTTP/2 GET https://localhost:7210/Swagger/v1/swagger.json - - - 200 - application/json;charset=utf-8 8.6428ms 
2025-03-05 00:11:01.4821 | INFO | Microsoft.AspNetCore.Hosting.Diagnostics | Request starting HTTP/2 POST https://localhost:7210/HelloGreeting/Add application/json 34 
2025-03-05 00:11:01.5052 | INFO | Microsoft.AspNetCore.Routing.EndpointMiddleware | Executing endpoint 'HelloGreetingApplication.Controllers.HelloGreetingController.AddGreeting (HelloGreetingApplication)' 
2025-03-05 00:11:01.5588 | INFO | Microsoft.AspNetCore.Mvc.Infrastructure.ControllerActionInvoker | Route matched with {action = "AddGreeting", controller = "HelloGreeting"}. Executing controller action with signature Microsoft.AspNetCore.Mvc.IActionResult AddGreeting(ModelLayer.Model.GreetingModel) on controller HelloGreetingApplication.Controllers.HelloGreetingController (HelloGreetingApplication). 
2025-03-05 00:11:02.0562 | INFO | HelloGreetingApplication.Controllers.HelloGreetingController | POST request received at /HelloGreeting/Add 
2025-03-05 00:11:02.0562 | INFO | BusinessLayer.Service.GreetingBL | Business Layer - AddGreeting method started. 
2025-03-05 00:11:02.0562 | INFO | RepositoryLayer.Service.GreetingRL | Repository Layer - AddGreeting method started. 
2025-03-05 00:11:03.0409 | INFO | Microsoft.EntityFrameworkCore.Infrastructure | Entity Framework Core 6.0.36 initialized 'GreetingContext' using provider 'Microsoft.EntityFrameworkCore.SqlServer:6.0.36' with options: None 
2025-03-05 00:11:04.5386 | INFO | Microsoft.EntityFrameworkCore.Database.Command | Executed DbCommand (200ms) [Parameters=[@p0='?' (Size = 4000)], CommandType='Text', CommandTimeout='30']
SET NOCOUNT ON;
INSERT INTO [Greetings] ([Greeting])
VALUES (@p0);
SELECT [Id]
FROM [Greetings]
WHERE @@ROWCOUNT = 1 AND [Id] = scope_identity(); 
2025-03-05 00:11:04.6838 | INFO | RepositoryLayer.Service.GreetingRL | Repository Layer - Greeting added successfully. 
2025-03-05 00:11:04.6838 | INFO | HelloGreetingApplication.Controllers.HelloGreetingController | POST request processed successfully 
2025-03-05 00:11:04.6953 | INFO | Microsoft.AspNetCore.Mvc.Infrastructure.ObjectResultExecutor | Executing CreatedResult, writing value of type 'ModelLayer.Model.ResponseModel`1[[RepositoryLayer.Entity.GreetingEntity, RepositoryLayer, Version=1.0.0.0, Culture=neutral, PublicKeyToken=null]]'. 
2025-03-05 00:11:04.7097 | INFO | Microsoft.AspNetCore.Mvc.Infrastructure.ControllerActionInvoker | Executed action HelloGreetingApplication.Controllers.HelloGreetingController.AddGreeting (HelloGreetingApplication) in 3144.7222ms 
2025-03-05 00:11:04.7097 | INFO | Microsoft.AspNetCore.Routing.EndpointMiddleware | Executed endpoint 'HelloGreetingApplication.Controllers.HelloGreetingController.AddGreeting (HelloGreetingApplication)' 
2025-03-05 00:11:04.7267 | INFO | Microsoft.AspNetCore.Hosting.Diagnostics | Request finished HTTP/2 POST https://localhost:7210/HelloGreeting/Add application/json 34 - 201 - application/json;+charset=utf-8 3244.5668ms 
2025-03-05 00:14:49.9338 | INFO | HelloGreetingApplication.Program | Application Starting... 
2025-03-05 00:14:51.2355 | INFO | Microsoft.Hosting.Lifetime | Now listening on: https://localhost:7210 
2025-03-05 00:14:51.2355 | INFO | Microsoft.Hosting.Lifetime | Now listening on: http://localhost:5224 
2025-03-05 00:14:51.3181 | INFO | Microsoft.Hosting.Lifetime | Application started. Press Ctrl+C to shut down. 
2025-03-05 00:14:51.3181 | INFO | Microsoft.Hosting.Lifetime | Hosting environment: Development 
2025-03-05 00:14:51.3181 | INFO | Microsoft.Hosting.Lifetime | Content root path: C:\Users\Sujeet\OneDrive\Desktop\BL_Cg_API\HelloGreetingApplication\ 
2025-03-05 00:14:52.3147 | INFO | Microsoft.AspNetCore.Hosting.Diagnostics | Request starting HTTP/2 GET https://localhost:7210/Swagger/index.html - - 
2025-03-05 00:14:52.8181 | INFO | Microsoft.AspNetCore.Hosting.Diagnostics | Request finished HTTP/2 GET https://localhost:7210/Swagger/index.html - - - 200 - text/html;charset=utf-8 509.9527ms 
2025-03-05 00:14:52.8363 | INFO | Microsoft.AspNetCore.Hosting.Diagnostics | Request starting HTTP/2 GET https://localhost:7210/_framework/aspnetcore-browser-refresh.js - - 
2025-03-05 00:14:52.8363 | INFO | Microsoft.AspNetCore.Hosting.Diagnostics | Request starting HTTP/2 GET https://localhost:7210/Swagger/index.js - - 
2025-03-05 00:14:52.8442 | INFO | Microsoft.AspNetCore.Hosting.Diagnostics | Request finished HTTP/2 GET https://localhost:7210/Swagger/index.js - - - 200 - application/javascript;charset=utf-8 2.4022ms 
2025-03-05 00:14:52.8442 | INFO | Microsoft.AspNetCore.Hosting.Diagnostics | Request finished HTTP/2 GET https://localhost:7210/_framework/aspnetcore-browser-refresh.js - - - 200 12380 application/javascript;+charset=utf-8 8.8901ms 
2025-03-05 00:14:53.1904 | INFO | Microsoft.AspNetCore.Hosting.Diagnostics | Request starting HTTP/2 GET https://localhost:7210/_vs/browserLink - - 
2025-03-05 00:14:53.2811 | INFO | Microsoft.AspNetCore.Hosting.Diagnostics | Request finished HTTP/2 GET https://localhost:7210/_vs/browserLink - - - 200 - text/javascript;+charset=UTF-8 90.7978ms 
2025-03-05 00:14:54.2000 | INFO | Microsoft.AspNetCore.Hosting.Diagnostics | Request starting HTTP/2 GET https://localhost:7210/Swagger/v1/swagger.json - - 
2025-03-05 00:14:54.2086 | INFO | Microsoft.AspNetCore.Hosting.Diagnostics | Request finished HTTP/2 GET https://localhost:7210/Swagger/v1/swagger.json - - - 200 - application/json;charset=utf-8 8.6187ms 
2025-03-05 00:15:21.8155 | INFO | HelloGreetingApplication.Program | Application Starting... 
2025-03-05 00:15:23.7997 | INFO | Microsoft.Hosting.Lifetime | Now listening on: https://localhost:7210 
2025-03-05 00:15:23.8125 | INFO | Microsoft.Hosting.Lifetime | Now listening on: http://localhost:5224 
2025-03-05 00:15:23.8894 | INFO | Microsoft.Hosting.Lifetime | Application started. Press Ctrl+C to shut down. 
2025-03-05 00:15:23.8894 | INFO | Microsoft.Hosting.Lifetime | Hosting environment: Development 
2025-03-05 00:15:23.8894 | INFO | Microsoft.Hosting.Lifetime | Content root path: C:\Users\Sujeet\OneDrive\Desktop\BL_Cg_API\HelloGreetingApplication\ 
2025-03-05 00:15:24.9999 | INFO | Microsoft.AspNetCore.Hosting.Diagnostics | Request starting HTTP/2 GET https://localhost:7210/Swagger/index.html - - 
2025-03-05 00:15:25.5487 | INFO | Microsoft.AspNetCore.Hosting.Diagnostics | Request finished HTTP/2 GET https://localhost:7210/Swagger/index.html - - - 200 - text/html;charset=utf-8 551.9785ms 
2025-03-05 00:15:25.6032 | INFO | Microsoft.AspNetCore.Hosting.Diagnostics | Request starting HTTP/2 GET https://localhost:7210/Swagger/index.js - - 
2025-03-05 00:15:25.6032 | INFO | Microsoft.AspNetCore.Hosting.Diagnostics | Request starting HTTP/2 GET https://localhost:7210/_framework/aspnetcore-browser-refresh.js - - 
2025-03-05 00:15:25.6096 | INFO | Microsoft.AspNetCore.Hosting.Diagnostics | Request finished HTTP/2 GET https://localhost:7210/Swagger/index.js - - - 200 - application/javascript;charset=utf-8 6.3230ms 
2025-03-05 00:15:25.6096 | INFO | Microsoft.AspNetCore.Hosting.Diagnostics | Request finished HTTP/2 GET https://localhost:7210/_framework/aspnetcore-browser-refresh.js - - - 200 12380 application/javascript;+charset=utf-8 12.5444ms 
2025-03-05 00:15:25.8991 | INFO | Microsoft.AspNetCore.Hosting.Diagnostics | Request starting HTTP/2 GET https://localhost:7210/_vs/browserLink - - 
2025-03-05 00:15:25.9883 | INFO | Microsoft.AspNetCore.Hosting.Diagnostics | Request finished HTTP/2 GET https://localhost:7210/_vs/browserLink - - - 200 - text/javascript;+charset=UTF-8 89.1787ms 
2025-03-05 00:15:26.8623 | INFO | Microsoft.AspNetCore.Hosting.Diagnostics | Request starting HTTP/2 GET https://localhost:7210/Swagger/v1/swagger.json - - 
2025-03-05 00:15:26.8776 | INFO | Microsoft.AspNetCore.Hosting.Diagnostics | Request finished HTTP/2 GET https://localhost:7210/Swagger/v1/swagger.json - - - 200 - application/json;charset=utf-8 15.3982ms 
2025-03-05 00:15:41.3546 | INFO | Microsoft.AspNetCore.Hosting.Diagnostics | Request starting HTTP/2 POST https://localhost:7210/HelloGreeting/FindById application/json 13 
2025-03-05 00:15:41.3721 | INFO | Microsoft.AspNetCore.Routing.EndpointMiddleware | Executing endpoint 'HelloGreetingApplication.Controllers.HelloGreetingController.FindGeetingById (HelloGreetingApplication)' 
2025-03-05 00:15:41.4273 | INFO | Microsoft.AspNetCore.Mvc.Infrastructure.ControllerActionInvoker | Route matched with {action = "FindGeetingById", controller = "HelloGreeting"}. Executing controller action with signature Microsoft.AspNetCore.Mvc.IActionResult FindGeetingById(ModelLayer.Model.FindByIdGreetingModel) on controller HelloGreetingApplication.Controllers.HelloGreetingController (HelloGreetingApplication). 
2025-03-05 00:15:41.8919 | INFO | HelloGreetingApplication.Controllers.HelloGreetingController | GET request received at /HelloGreeting/FindById 
2025-03-05 00:15:41.8919 | INFO | BusinessLayer.Service.GreetingBL | Business Layer - FindGreetingById method started. 
2025-03-05 00:15:41.8919 | INFO | RepositoryLayer.Service.GreetingRL | Repository Layer - FindGreetingById method started. 
2025-03-05 00:15:42.8927 | INFO | Microsoft.EntityFrameworkCore.Infrastructure | Entity Framework Core 6.0.36 initialized 'GreetingContext' using provider 'Microsoft.EntityFrameworkCore.SqlServer:6.0.36' with options: None 
2025-03-05 00:15:44.6436 | INFO | Microsoft.EntityFrameworkCore.Database.Command | Executed DbCommand (155ms) [Parameters=[@__p_0='?' (DbType = Int32)], CommandType='Text', CommandTimeout='30']
SELECT TOP(1) [g].[Id], [g].[Greeting]
FROM [Greetings] AS [g]
WHERE [g].[Id] = @__p_0 
2025-03-05 00:15:44.8001 | INFO | RepositoryLayer.Service.GreetingRL | Repository Layer - Greeting found successfully. 
2025-03-05 00:15:44.8001 | INFO | BusinessLayer.Service.GreetingBL | Business Layer - Greeting found successfully. 
2025-03-05 00:15:44.8001 | INFO | HelloGreetingApplication.Controllers.HelloGreetingController | GET request processed successfully 
2025-03-05 00:15:44.8121 | INFO | Microsoft.AspNetCore.Mvc.Infrastructure.ObjectResultExecutor | Executing OkObjectResult, writing value of type 'ModelLayer.Model.ResponseModel`1[[ModelLayer.Model.GreetingResponseModel, ModelLayer, Version=1.0.0.0, Culture=neutral, PublicKeyToken=null]]'. 
2025-03-05 00:15:44.8121 | INFO | Microsoft.AspNetCore.Mvc.Infrastructure.ControllerActionInvoker | Executed action HelloGreetingApplication.Controllers.HelloGreetingController.FindGeetingById (HelloGreetingApplication) in 3390.5301ms 
2025-03-05 00:15:44.8121 | INFO | Microsoft.AspNetCore.Routing.EndpointMiddleware | Executed endpoint 'HelloGreetingApplication.Controllers.HelloGreetingController.FindGeetingById (HelloGreetingApplication)' 
2025-03-05 00:15:44.8402 | INFO | Microsoft.AspNetCore.Hosting.Diagnostics | Request finished HTTP/2 POST https://localhost:7210/HelloGreeting/FindById application/json 13 - 200 - application/json;+charset=utf-8 3485.4612ms 
2025-03-05 00:16:00.3252 | INFO | Microsoft.AspNetCore.Hosting.Diagnostics | Request starting HTTP/2 POST https://localhost:7210/HelloGreeting/FindById application/json 13 
2025-03-05 00:16:00.3300 | INFO | Microsoft.AspNetCore.Routing.EndpointMiddleware | Executing endpoint 'HelloGreetingApplication.Controllers.HelloGreetingController.FindGeetingById (HelloGreetingApplication)' 
2025-03-05 00:16:00.3300 | INFO | Microsoft.AspNetCore.Mvc.Infrastructure.ControllerActionInvoker | Route matched with {action = "FindGeetingById", controller = "HelloGreeting"}. Executing controller action with signature Microsoft.AspNetCore.Mvc.IActionResult FindGeetingById(ModelLayer.Model.FindByIdGreetingModel) on controller HelloGreetingApplication.Controllers.HelloGreetingController (HelloGreetingApplication). 
2025-03-05 00:16:00.3300 | INFO | HelloGreetingApplication.Controllers.HelloGreetingController | GET request received at /HelloGreeting/FindById 
2025-03-05 00:16:00.3300 | INFO | BusinessLayer.Service.GreetingBL | Business Layer - FindGreetingById method started. 
2025-03-05 00:16:00.3300 | INFO | RepositoryLayer.Service.GreetingRL | Repository Layer - FindGreetingById method started. 
2025-03-05 00:16:00.4078 | INFO | Microsoft.EntityFrameworkCore.Infrastructure | Entity Framework Core 6.0.36 initialized 'GreetingContext' using provider 'Microsoft.EntityFrameworkCore.SqlServer:6.0.36' with options: None 
2025-03-05 00:16:00.4293 | INFO | Microsoft.EntityFrameworkCore.Database.Command | Executed DbCommand (11ms) [Parameters=[@__p_0='?' (DbType = Int32)], CommandType='Text', CommandTimeout='30']
SELECT TOP(1) [g].[Id], [g].[Greeting]
FROM [Greetings] AS [g]
WHERE [g].[Id] = @__p_0 
2025-03-05 00:16:00.4293 | ERROR | RepositoryLayer.Service.GreetingRL | Repository Layer - Greeting not found. 
2025-03-05 00:16:00.6255 | ERROR | RepositoryLayer.Service.GreetingRL | Repository Layer - Error occurred in FindGreetingById method. System.Exception: Exception of type 'System.Exception' was thrown.
   at RepositoryLayer.Service.GreetingRL.FindGreetingById(FindByIdGreetingModel findByIdGreetingModel) in C:\Users\Sujeet\OneDrive\Desktop\BL_Cg_API\RepositoryLayer\Service\GreetingRL.cs:line 48
2025-03-05 00:16:00.7782 | ERROR | BusinessLayer.Service.GreetingBL | Business Layer - Error occurred in FindGreetingById method. System.Exception: Exception of type 'System.Exception' was thrown.
   at RepositoryLayer.Service.GreetingRL.FindGreetingById(FindByIdGreetingModel findByIdGreetingModel) in C:\Users\Sujeet\OneDrive\Desktop\BL_Cg_API\RepositoryLayer\Service\GreetingRL.cs:line 56
   at BusinessLayer.Service.GreetingBL.FindGreetingById(FindByIdGreetingModel findByIdGreetingModel) in C:\Users\Sujeet\OneDrive\Desktop\BL_Cg_API\BusinessLayer\Service\GreetingBL.cs:line 74
2025-03-05 00:16:00.8459 | ERROR | HelloGreetingApplication.Controllers.HelloGreetingController | Error occurred in GET method System.Exception: Exception of type 'System.Exception' was thrown.
   at RepositoryLayer.Service.GreetingRL.FindGreetingById(FindByIdGreetingModel findByIdGreetingModel) in C:\Users\Sujeet\OneDrive\Desktop\BL_Cg_API\RepositoryLayer\Service\GreetingRL.cs:line 56
   at BusinessLayer.Service.GreetingBL.FindGreetingById(FindByIdGreetingModel findByIdGreetingModel) in C:\Users\Sujeet\OneDrive\Desktop\BL_Cg_API\BusinessLayer\Service\GreetingBL.cs:line 74
   at HelloGreetingApplication.Controllers.HelloGreetingController.FindGeetingById(FindByIdGreetingModel findById) in C:\Users\Sujeet\OneDrive\Desktop\BL_Cg_API\HelloGreetingApplication\Controllers\HelloGreetingController.cs:line 125
2025-03-05 00:16:00.8734 | INFO | Microsoft.AspNetCore.Mvc.Infrastructure.ObjectResultExecutor | Executing ObjectResult, writing value of type 'System.String'. 
2025-03-05 00:16:00.8740 | INFO | Microsoft.AspNetCore.Mvc.Infrastructure.ControllerActionInvoker | Executed action HelloGreetingApplication.Controllers.HelloGreetingController.FindGeetingById (HelloGreetingApplication) in 542.9804ms 
2025-03-05 00:16:00.8740 | INFO | Microsoft.AspNetCore.Routing.EndpointMiddleware | Executed endpoint 'HelloGreetingApplication.Controllers.HelloGreetingController.FindGeetingById (HelloGreetingApplication)' 
2025-03-05 00:16:00.8740 | INFO | Microsoft.AspNetCore.Hosting.Diagnostics | Request finished HTTP/2 POST https://localhost:7210/HelloGreeting/FindById application/json 13 - 500 - text/plain;+charset=utf-8 549.0691ms 
2025-03-05 01:00:15.9322 | INFO | HelloGreetingApplication.Program | Application Starting... 
2025-03-05 01:00:17.5790 | INFO | Microsoft.Hosting.Lifetime | Now listening on: https://localhost:7210 
2025-03-05 01:00:17.5790 | INFO | Microsoft.Hosting.Lifetime | Now listening on: http://localhost:5224 
2025-03-05 01:00:17.6710 | INFO | Microsoft.Hosting.Lifetime | Application started. Press Ctrl+C to shut down. 
2025-03-05 01:00:17.6710 | INFO | Microsoft.Hosting.Lifetime | Hosting environment: Development 
2025-03-05 01:00:17.6710 | INFO | Microsoft.Hosting.Lifetime | Content root path: C:\Users\Sujeet\OneDrive\Desktop\BL_Cg_API\HelloGreetingApplication\ 
2025-03-05 01:00:18.9827 | INFO | Microsoft.AspNetCore.Hosting.Diagnostics | Request starting HTTP/2 GET https://localhost:7210/Swagger/index.html - - 
2025-03-05 01:00:19.4273 | INFO | Microsoft.AspNetCore.Hosting.Diagnostics | Request finished HTTP/2 GET https://localhost:7210/Swagger/index.html - - - 200 - text/html;charset=utf-8 448.1557ms 
2025-03-05 01:00:19.4465 | INFO | Microsoft.AspNetCore.Hosting.Diagnostics | Request starting HTTP/2 GET https://localhost:7210/_framework/aspnetcore-browser-refresh.js - - 
2025-03-05 01:00:19.4465 | INFO | Microsoft.AspNetCore.Hosting.Diagnostics | Request starting HTTP/2 GET https://localhost:7210/Swagger/index.js - - 
2025-03-05 01:00:19.4465 | INFO | Microsoft.AspNetCore.Hosting.Diagnostics | Request finished HTTP/2 GET https://localhost:7210/Swagger/index.js - - - 200 - application/javascript;charset=utf-8 2.5867ms 
2025-03-05 01:00:19.4537 | INFO | Microsoft.AspNetCore.Hosting.Diagnostics | Request finished HTTP/2 GET https://localhost:7210/_framework/aspnetcore-browser-refresh.js - - - 200 12380 application/javascript;+charset=utf-8 7.2056ms 
2025-03-05 01:00:19.7015 | INFO | Microsoft.AspNetCore.Hosting.Diagnostics | Request starting HTTP/2 GET https://localhost:7210/_vs/browserLink - - 
2025-03-05 01:00:19.7900 | INFO | Microsoft.AspNetCore.Hosting.Diagnostics | Request finished HTTP/2 GET https://localhost:7210/_vs/browserLink - - - 200 - text/javascript;+charset=UTF-8 88.5362ms 
2025-03-05 01:00:20.7088 | INFO | Microsoft.AspNetCore.Hosting.Diagnostics | Request starting HTTP/2 GET https://localhost:7210/Swagger/v1/swagger.json - - 
2025-03-05 01:00:20.7169 | INFO | Microsoft.AspNetCore.Hosting.Diagnostics | Request finished HTTP/2 GET https://localhost:7210/Swagger/v1/swagger.json - - - 200 - application/json;charset=utf-8 8.1592ms 
2025-03-05 01:00:30.3644 | INFO | Microsoft.AspNetCore.Hosting.Diagnostics | Request starting HTTP/2 GET https://localhost:7210/HelloGreeting/GetAll - - 
2025-03-05 01:00:30.3865 | INFO | Microsoft.AspNetCore.Routing.EndpointMiddleware | Executing endpoint 'HelloGreetingApplication.Controllers.HelloGreetingController.GetAllGreeting (HelloGreetingApplication)' 
2025-03-05 01:00:30.4125 | INFO | Microsoft.AspNetCore.Mvc.Infrastructure.ControllerActionInvoker | Route matched with {action = "GetAllGreeting", controller = "HelloGreeting"}. Executing controller action with signature Microsoft.AspNetCore.Mvc.IActionResult GetAllGreeting() on controller HelloGreetingApplication.Controllers.HelloGreetingController (HelloGreetingApplication). 
2025-03-05 01:00:30.9474 | INFO | HelloGreetingApplication.Controllers.HelloGreetingController | GET request received at /HelloGreeting/GetAll 
2025-03-05 01:00:30.9474 | INFO | BusinessLayer.Service.GreetingBL | Business Layer - GetAllGreetings method started. 
2025-03-05 01:00:30.9474 | INFO | RepositoryLayer.Service.GreetingRL | Repository Layer - GetAllGreetings method started. 
2025-03-05 01:00:31.9777 | INFO | Microsoft.EntityFrameworkCore.Infrastructure | Entity Framework Core 6.0.36 initialized 'GreetingContext' using provider 'Microsoft.EntityFrameworkCore.SqlServer:6.0.36' with options: None 
2025-03-05 01:00:33.3545 | INFO | Microsoft.EntityFrameworkCore.Database.Command | Executed DbCommand (69ms) [Parameters=[], CommandType='Text', CommandTimeout='30']
SELECT [g].[Id], [g].[Greeting]
FROM [Greetings] AS [g] 
2025-03-05 01:00:33.4931 | INFO | RepositoryLayer.Service.GreetingRL | Repository Layer - Greetings found successfully. 
2025-03-05 01:00:33.4931 | INFO | HelloGreetingApplication.Controllers.HelloGreetingController | GET request processed successfully 
2025-03-05 01:00:33.5052 | INFO | Microsoft.AspNetCore.Mvc.Infrastructure.ObjectResultExecutor | Executing OkObjectResult, writing value of type 'ModelLayer.Model.ResponseModel`1[[System.Collections.Generic.List`1[[RepositoryLayer.Entity.GreetingEntity, RepositoryLayer, Version=1.0.0.0, Culture=neutral, PublicKeyToken=null]], System.Private.CoreLib, Version=6.0.0.0, Culture=neutral, PublicKeyToken=7cec85d7bea7798e]]'. 
2025-03-05 01:00:33.5162 | INFO | Microsoft.AspNetCore.Mvc.Infrastructure.ControllerActionInvoker | Executed action HelloGreetingApplication.Controllers.HelloGreetingController.GetAllGreeting (HelloGreetingApplication) in 3098.0316ms 
2025-03-05 01:00:33.5162 | INFO | Microsoft.AspNetCore.Routing.EndpointMiddleware | Executed endpoint 'HelloGreetingApplication.Controllers.HelloGreetingController.GetAllGreeting (HelloGreetingApplication)' 
2025-03-05 01:00:33.5312 | INFO | Microsoft.AspNetCore.Hosting.Diagnostics | Request finished HTTP/2 GET https://localhost:7210/HelloGreeting/GetAll - - - 200 - application/json;+charset=utf-8 3166.8538ms 
2025-03-05 10:38:26.3601 | INFO | HelloGreetingApplication.Program | Application Starting... 
2025-03-05 10:38:28.0027 | INFO | Microsoft.Hosting.Lifetime | Now listening on: https://localhost:7210 
2025-03-05 10:38:28.0027 | INFO | Microsoft.Hosting.Lifetime | Now listening on: http://localhost:5224 
2025-03-05 10:38:28.0886 | INFO | Microsoft.Hosting.Lifetime | Application started. Press Ctrl+C to shut down. 
2025-03-05 10:38:28.0886 | INFO | Microsoft.Hosting.Lifetime | Hosting environment: Development 
2025-03-05 10:38:28.0886 | INFO | Microsoft.Hosting.Lifetime | Content root path: C:\Users\Sujeet\OneDrive\Desktop\BL_Cg_API\HelloGreetingApplication\ 
2025-03-05 10:38:29.0745 | INFO | Microsoft.AspNetCore.Hosting.Diagnostics | Request starting HTTP/2 GET https://localhost:7210/Swagger/index.html - - 
2025-03-05 10:38:29.4855 | INFO | Microsoft.AspNetCore.Hosting.Diagnostics | Request finished HTTP/2 GET https://localhost:7210/Swagger/index.html - - - 200 - text/html;charset=utf-8 417.5923ms 
2025-03-05 10:38:29.5294 | INFO | Microsoft.AspNetCore.Hosting.Diagnostics | Request starting HTTP/2 GET https://localhost:7210/Swagger/index.js - - 
2025-03-05 10:38:29.5294 | INFO | Microsoft.AspNetCore.Hosting.Diagnostics | Request starting HTTP/2 GET https://localhost:7210/_framework/aspnetcore-browser-refresh.js - - 
2025-03-05 10:38:29.5326 | INFO | Microsoft.AspNetCore.Hosting.Diagnostics | Request finished HTTP/2 GET https://localhost:7210/Swagger/index.js - - - 200 - application/javascript;charset=utf-8 3.0917ms 
2025-03-05 10:38:29.5529 | INFO | Microsoft.AspNetCore.Hosting.Diagnostics | Request finished HTTP/2 GET https://localhost:7210/_framework/aspnetcore-browser-refresh.js - - - 200 12380 application/javascript;+charset=utf-8 23.4853ms 
2025-03-05 10:38:29.7864 | INFO | Microsoft.AspNetCore.Hosting.Diagnostics | Request starting HTTP/2 GET https://localhost:7210/_vs/browserLink - - 
2025-03-05 10:38:29.8666 | INFO | Microsoft.AspNetCore.Hosting.Diagnostics | Request finished HTTP/2 GET https://localhost:7210/_vs/browserLink - - - 200 - text/javascript;+charset=UTF-8 80.0886ms 
2025-03-05 10:38:30.7820 | INFO | Microsoft.AspNetCore.Hosting.Diagnostics | Request starting HTTP/2 GET https://localhost:7210/Swagger/v1/swagger.json - - 
2025-03-05 10:38:30.7820 | INFO | Microsoft.AspNetCore.Hosting.Diagnostics | Request finished HTTP/2 GET https://localhost:7210/Swagger/v1/swagger.json - - - 200 - application/json;charset=utf-8 9.1842ms 
2025-03-05 10:39:53.5580 | INFO | Microsoft.AspNetCore.Hosting.Diagnostics | Request starting HTTP/2 PATCH https://localhost:7210/HelloGreeting/Update application/json 43 
2025-03-05 10:39:53.5876 | INFO | Microsoft.AspNetCore.Routing.EndpointMiddleware | Executing endpoint 'HelloGreetingApplication.Controllers.HelloGreetingController.UpdateGreeting (HelloGreetingApplication)' 
2025-03-05 10:39:53.6351 | INFO | Microsoft.AspNetCore.Mvc.Infrastructure.ControllerActionInvoker | Route matched with {action = "UpdateGreeting", controller = "HelloGreeting"}. Executing controller action with signature Microsoft.AspNetCore.Mvc.IActionResult UpdateGreeting(ModelLayer.Model.GreetingReqModel) on controller HelloGreetingApplication.Controllers.HelloGreetingController (HelloGreetingApplication). 
2025-03-05 10:39:54.1419 | INFO | HelloGreetingApplication.Controllers.HelloGreetingController | PATCH request received at /HelloGreeting/Update 
2025-03-05 10:39:54.1419 | INFO | BusinessLayer.Service.GreetingBL | Business Layer - UpdateGreeting method started. 
2025-03-05 10:39:54.1419 | INFO | RepositoryLayer.Service.GreetingRL | Repository Layer - UpdateGreeting method started. 
2025-03-05 10:39:55.1343 | INFO | Microsoft.EntityFrameworkCore.Infrastructure | Entity Framework Core 6.0.36 initialized 'GreetingContext' using provider 'Microsoft.EntityFrameworkCore.SqlServer:6.0.36' with options: None 
2025-03-05 10:39:57.0001 | INFO | Microsoft.EntityFrameworkCore.Database.Command | Executed DbCommand (139ms) [Parameters=[@__p_0='?' (DbType = Int32)], CommandType='Text', CommandTimeout='30']
SELECT TOP(1) [g].[Id], [g].[Greeting]
FROM [Greetings] AS [g]
WHERE [g].[Id] = @__p_0 
2025-03-05 10:39:57.3318 | INFO | Microsoft.EntityFrameworkCore.Database.Command | Executed DbCommand (33ms) [Parameters=[@p1='?' (DbType = Int32), @p0='?' (Size = 4000)], CommandType='Text', CommandTimeout='30']
SET NOCOUNT ON;
UPDATE [Greetings] SET [Greeting] = @p0
WHERE [Id] = @p1;
SELECT @@ROWCOUNT; 
2025-03-05 10:39:57.3625 | INFO | RepositoryLayer.Service.GreetingRL | Repository Layer - Greeting updated successfully. 
2025-03-05 10:39:57.3625 | INFO | HelloGreetingApplication.Controllers.HelloGreetingController | PATCH request processed successfully 
2025-03-05 10:39:57.3625 | INFO | Microsoft.AspNetCore.Mvc.Infrastructure.ObjectResultExecutor | Executing OkObjectResult, writing value of type 'ModelLayer.Model.ResponseModel`1[[RepositoryLayer.Entity.GreetingEntity, RepositoryLayer, Version=1.0.0.0, Culture=neutral, PublicKeyToken=null]]'. 
2025-03-05 10:39:57.3819 | INFO | Microsoft.AspNetCore.Mvc.Infrastructure.ControllerActionInvoker | Executed action HelloGreetingApplication.Controllers.HelloGreetingController.UpdateGreeting (HelloGreetingApplication) in 3740.7527ms 
2025-03-05 10:39:57.3819 | INFO | Microsoft.AspNetCore.Routing.EndpointMiddleware | Executed endpoint 'HelloGreetingApplication.Controllers.HelloGreetingController.UpdateGreeting (HelloGreetingApplication)' 
2025-03-05 10:39:57.3927 | INFO | Microsoft.AspNetCore.Hosting.Diagnostics | Request finished HTTP/2 PATCH https://localhost:7210/HelloGreeting/Update application/json 43 - 200 - application/json;+charset=utf-8 3839.2934ms 
2025-03-05 10:47:43.8552 | INFO | HelloGreetingApplication.Program | Application Starting... 
2025-03-05 10:47:45.5441 | INFO | Microsoft.Hosting.Lifetime | Now listening on: https://localhost:7210 
2025-03-05 10:47:45.5585 | INFO | Microsoft.Hosting.Lifetime | Now listening on: http://localhost:5224 
2025-03-05 10:47:45.6589 | INFO | Microsoft.Hosting.Lifetime | Application started. Press Ctrl+C to shut down. 
2025-03-05 10:47:45.6589 | INFO | Microsoft.Hosting.Lifetime | Hosting environment: Development 
2025-03-05 10:47:45.6589 | INFO | Microsoft.Hosting.Lifetime | Content root path: C:\Users\Sujeet\OneDrive\Desktop\BL_Cg_API\HelloGreetingApplication\ 
2025-03-05 10:47:46.6208 | INFO | Microsoft.AspNetCore.Hosting.Diagnostics | Request starting HTTP/2 GET https://localhost:7210/Swagger/index.html - - 
2025-03-05 10:47:47.1067 | INFO | Microsoft.AspNetCore.Hosting.Diagnostics | Request finished HTTP/2 GET https://localhost:7210/Swagger/index.html - - - 200 - text/html;charset=utf-8 489.9279ms 
2025-03-05 10:47:47.1120 | INFO | Microsoft.AspNetCore.Hosting.Diagnostics | Request starting HTTP/2 GET https://localhost:7210/Swagger/index.js - - 
2025-03-05 10:47:47.1120 | INFO | Microsoft.AspNetCore.Hosting.Diagnostics | Request starting HTTP/2 GET https://localhost:7210/Swagger/index.css - - 
2025-03-05 10:47:47.1120 | INFO | Microsoft.AspNetCore.Hosting.Diagnostics | Request starting HTTP/2 GET https://localhost:7210/Swagger/swagger-ui-standalone-preset.js - - 
2025-03-05 10:47:47.1120 | INFO | Microsoft.AspNetCore.Hosting.Diagnostics | Request starting HTTP/2 GET https://localhost:7210/_framework/aspnetcore-browser-refresh.js - - 
2025-03-05 10:47:47.1120 | INFO | Microsoft.AspNetCore.Hosting.Diagnostics | Request starting HTTP/2 GET https://localhost:7210/Swagger/swagger-ui.css - - 
2025-03-05 10:47:47.1120 | INFO | Microsoft.AspNetCore.Hosting.Diagnostics | Request starting HTTP/2 GET https://localhost:7210/Swagger/swagger-ui-bundle.js - - 
2025-03-05 10:47:47.1120 | INFO | Microsoft.AspNetCore.Hosting.Diagnostics | Request finished HTTP/2 GET https://localhost:7210/Swagger/index.js - - - 200 - application/javascript;charset=utf-8 7.8213ms 
2025-03-05 10:47:47.1321 | INFO | Microsoft.AspNetCore.Hosting.Diagnostics | Request finished HTTP/2 GET https://localhost:7210/_framework/aspnetcore-browser-refresh.js - - - 200 12380 application/javascript;+charset=utf-8 20.1163ms 
2025-03-05 10:47:47.1321 | INFO | Microsoft.AspNetCore.StaticFiles.StaticFileMiddleware | The file /swagger-ui-standalone-preset.js was not modified 
2025-03-05 10:47:47.1321 | INFO | Microsoft.AspNetCore.StaticFiles.StaticFileMiddleware | The file /swagger-ui-bundle.js was not modified 
2025-03-05 10:47:47.1321 | INFO | Microsoft.AspNetCore.StaticFiles.StaticFileMiddleware | The file /index.css was not modified 
2025-03-05 10:47:47.1321 | INFO | Microsoft.AspNetCore.StaticFiles.StaticFileMiddleware | The file /swagger-ui.css was not modified 
2025-03-05 10:47:47.1398 | INFO | Microsoft.AspNetCore.Hosting.Diagnostics | Request finished HTTP/2 GET https://localhost:7210/Swagger/swagger-ui.css - - - 304 - text/css 27.7596ms 
2025-03-05 10:47:47.1398 | INFO | Microsoft.AspNetCore.Hosting.Diagnostics | Request finished HTTP/2 GET https://localhost:7210/Swagger/index.css - - - 304 - text/css 27.8212ms 
2025-03-05 10:47:47.1398 | INFO | Microsoft.AspNetCore.Hosting.Diagnostics | Request finished HTTP/2 GET https://localhost:7210/Swagger/swagger-ui-standalone-preset.js - - - 304 - application/javascript 27.9752ms 
2025-03-05 10:47:47.1398 | INFO | Microsoft.AspNetCore.Hosting.Diagnostics | Request finished HTTP/2 GET https://localhost:7210/Swagger/swagger-ui-bundle.js - - - 304 - application/javascript 27.5424ms 
2025-03-05 10:47:47.1580 | INFO | Microsoft.AspNetCore.Hosting.Diagnostics | Request starting HTTP/2 GET https://localhost:7210/_vs/browserLink - - 
2025-03-05 10:47:47.2563 | INFO | Microsoft.AspNetCore.Hosting.Diagnostics | Request finished HTTP/2 GET https://localhost:7210/_vs/browserLink - - - 200 - text/javascript;+charset=UTF-8 98.3240ms 
2025-03-05 10:47:47.3245 | INFO | Microsoft.AspNetCore.Hosting.Diagnostics | Request starting HTTP/2 GET https://localhost:7210/Swagger/v1/swagger.json - - 
2025-03-05 10:47:47.3342 | INFO | Microsoft.AspNetCore.Hosting.Diagnostics | Request finished HTTP/2 GET https://localhost:7210/Swagger/v1/swagger.json - - - 200 - application/json;charset=utf-8 9.7552ms 
2025-03-05 10:48:38.0580 | INFO | Microsoft.AspNetCore.Hosting.Diagnostics | Request starting HTTP/2 PATCH https://localhost:7210/HelloGreeting/Edit application/json 47 
2025-03-05 10:48:38.0734 | INFO | Microsoft.AspNetCore.Routing.EndpointMiddleware | Executing endpoint 'HelloGreetingApplication.Controllers.HelloGreetingController.EditGreeting (HelloGreetingApplication)' 
2025-03-05 10:48:38.1173 | INFO | Microsoft.AspNetCore.Mvc.Infrastructure.ControllerActionInvoker | Route matched with {action = "EditGreeting", controller = "HelloGreeting"}. Executing controller action with signature Microsoft.AspNetCore.Mvc.IActionResult EditGreeting(ModelLayer.Model.GreetingReqModel) on controller HelloGreetingApplication.Controllers.HelloGreetingController (HelloGreetingApplication). 
2025-03-05 10:48:38.6486 | INFO | HelloGreetingApplication.Controllers.HelloGreetingController | PATCH request received at /HelloGreeting/Edit 
2025-03-05 10:48:38.6486 | INFO | BusinessLayer.Service.GreetingBL | Business Layer - EditGreeting method started. 
2025-03-05 10:48:38.6486 | INFO | RepositoryLayer.Service.GreetingRL | Repository Layer - EditGreeting method started. 
2025-03-05 10:48:39.6669 | INFO | Microsoft.EntityFrameworkCore.Infrastructure | Entity Framework Core 6.0.36 initialized 'GreetingContext' using provider 'Microsoft.EntityFrameworkCore.SqlServer:6.0.36' with options: None 
2025-03-05 10:48:41.5018 | INFO | Microsoft.EntityFrameworkCore.Database.Command | Executed DbCommand (110ms) [Parameters=[@__p_0='?' (DbType = Int32)], CommandType='Text', CommandTimeout='30']
SELECT TOP(1) [g].[Id], [g].[Greeting]
FROM [Greetings] AS [g]
WHERE [g].[Id] = @__p_0 
2025-03-05 10:48:41.8156 | INFO | Microsoft.EntityFrameworkCore.Database.Command | Executed DbCommand (5ms) [Parameters=[@p1='?' (DbType = Int32), @p0='?' (Size = 4000)], CommandType='Text', CommandTimeout='30']
SET NOCOUNT ON;
UPDATE [Greetings] SET [Greeting] = @p0
WHERE [Id] = @p1;
SELECT @@ROWCOUNT; 
2025-03-05 10:48:41.8548 | INFO | RepositoryLayer.Service.GreetingRL | Repository Layer - Greeting editeded successfully. 
2025-03-05 10:48:41.8548 | INFO | HelloGreetingApplication.Controllers.HelloGreetingController | PATCH request processed successfully 
2025-03-05 10:48:41.8642 | INFO | Microsoft.AspNetCore.Mvc.Infrastructure.ObjectResultExecutor | Executing OkObjectResult, writing value of type 'ModelLayer.Model.ResponseModel`1[[RepositoryLayer.Entity.GreetingEntity, RepositoryLayer, Version=1.0.0.0, Culture=neutral, PublicKeyToken=null]]'. 
2025-03-05 10:48:41.8764 | INFO | Microsoft.AspNetCore.Mvc.Infrastructure.ControllerActionInvoker | Executed action HelloGreetingApplication.Controllers.HelloGreetingController.EditGreeting (HelloGreetingApplication) in 3752.4446ms 
2025-03-05 10:48:41.8764 | INFO | Microsoft.AspNetCore.Routing.EndpointMiddleware | Executed endpoint 'HelloGreetingApplication.Controllers.HelloGreetingController.EditGreeting (HelloGreetingApplication)' 
2025-03-05 10:48:41.8924 | INFO | Microsoft.AspNetCore.Hosting.Diagnostics | Request finished HTTP/2 PATCH https://localhost:7210/HelloGreeting/Edit application/json 47 - 200 - application/json;+charset=utf-8 3834.3503ms 
2025-03-05 11:06:48.2047 | INFO | HelloGreetingApplication.Program | Application Starting... 
2025-03-05 11:06:49.9851 | INFO | Microsoft.Hosting.Lifetime | Now listening on: https://localhost:7210 
2025-03-05 11:06:49.9851 | INFO | Microsoft.Hosting.Lifetime | Now listening on: http://localhost:5224 
2025-03-05 11:06:50.0801 | INFO | Microsoft.Hosting.Lifetime | Application started. Press Ctrl+C to shut down. 
2025-03-05 11:06:50.0801 | INFO | Microsoft.Hosting.Lifetime | Hosting environment: Development 
2025-03-05 11:06:50.0801 | INFO | Microsoft.Hosting.Lifetime | Content root path: C:\Users\Sujeet\OneDrive\Desktop\BL_Cg_API\HelloGreetingApplication\ 
2025-03-05 11:06:50.8578 | INFO | Microsoft.AspNetCore.Hosting.Diagnostics | Request starting HTTP/2 GET https://localhost:7210/Swagger/index.html - - 
2025-03-05 11:06:51.5587 | INFO | Microsoft.AspNetCore.Hosting.Diagnostics | Request finished HTTP/2 GET https://localhost:7210/Swagger/index.html - - - 200 - text/html;charset=utf-8 705.4265ms 
2025-03-05 11:06:51.5809 | INFO | Microsoft.AspNetCore.Hosting.Diagnostics | Request starting HTTP/2 GET https://localhost:7210/Swagger/index.css - - 
2025-03-05 11:06:51.5809 | INFO | Microsoft.AspNetCore.Hosting.Diagnostics | Request starting HTTP/2 GET https://localhost:7210/Swagger/swagger-ui-bundle.js - - 
2025-03-05 11:06:51.5809 | INFO | Microsoft.AspNetCore.Hosting.Diagnostics | Request starting HTTP/2 GET https://localhost:7210/_framework/aspnetcore-browser-refresh.js - - 
2025-03-05 11:06:51.5809 | INFO | Microsoft.AspNetCore.Hosting.Diagnostics | Request starting HTTP/2 GET https://localhost:7210/Swagger/swagger-ui.css - - 
2025-03-05 11:06:51.5809 | INFO | Microsoft.AspNetCore.Hosting.Diagnostics | Request starting HTTP/2 GET https://localhost:7210/Swagger/swagger-ui-standalone-preset.js - - 
2025-03-05 11:06:51.6129 | INFO | Microsoft.AspNetCore.Hosting.Diagnostics | Request starting HTTP/2 GET https://localhost:7210/Swagger/index.js - - 
2025-03-05 11:06:51.6261 | INFO | Microsoft.AspNetCore.Hosting.Diagnostics | Request finished HTTP/2 GET https://localhost:7210/Swagger/index.js - - - 200 - application/javascript;charset=utf-8 13.1664ms 
2025-03-05 11:06:51.6261 | INFO | Microsoft.AspNetCore.Hosting.Diagnostics | Request finished HTTP/2 GET https://localhost:7210/_framework/aspnetcore-browser-refresh.js - - - 200 12380 application/javascript;+charset=utf-8 46.9848ms 
2025-03-05 11:06:51.6261 | INFO | Microsoft.AspNetCore.StaticFiles.StaticFileMiddleware | The file /swagger-ui-standalone-preset.js was not modified 
2025-03-05 11:06:51.6261 | INFO | Microsoft.AspNetCore.StaticFiles.StaticFileMiddleware | The file /index.css was not modified 
2025-03-05 11:06:51.6261 | INFO | Microsoft.AspNetCore.StaticFiles.StaticFileMiddleware | The file /swagger-ui-bundle.js was not modified 
2025-03-05 11:06:51.6261 | INFO | Microsoft.AspNetCore.StaticFiles.StaticFileMiddleware | The file /swagger-ui.css was not modified 
2025-03-05 11:06:51.6261 | INFO | Microsoft.AspNetCore.Hosting.Diagnostics | Request finished HTTP/2 GET https://localhost:7210/Swagger/swagger-ui.css - - - 304 - text/css 53.3476ms 
2025-03-05 11:06:51.6261 | INFO | Microsoft.AspNetCore.Hosting.Diagnostics | Request finished HTTP/2 GET https://localhost:7210/Swagger/index.css - - - 304 - text/css 53.3713ms 
2025-03-05 11:06:51.6261 | INFO | Microsoft.AspNetCore.Hosting.Diagnostics | Request finished HTTP/2 GET https://localhost:7210/Swagger/swagger-ui-standalone-preset.js - - - 304 - application/javascript 44.2064ms 
2025-03-05 11:06:51.6261 | INFO | Microsoft.AspNetCore.Hosting.Diagnostics | Request finished HTTP/2 GET https://localhost:7210/Swagger/swagger-ui-bundle.js - - - 304 - application/javascript 53.3780ms 
2025-03-05 11:06:51.8985 | INFO | Microsoft.AspNetCore.Hosting.Diagnostics | Request starting HTTP/2 GET https://localhost:7210/_vs/browserLink - - 
2025-03-05 11:06:52.0447 | INFO | Microsoft.AspNetCore.Hosting.Diagnostics | Request finished HTTP/2 GET https://localhost:7210/_vs/browserLink - - - 200 - text/javascript;+charset=UTF-8 146.0138ms 
2025-03-05 11:06:52.8634 | INFO | Microsoft.AspNetCore.Hosting.Diagnostics | Request starting HTTP/2 GET https://localhost:7210/Swagger/v1/swagger.json - - 
2025-03-05 11:06:52.8634 | INFO | Microsoft.AspNetCore.Hosting.Diagnostics | Request finished HTTP/2 GET https://localhost:7210/Swagger/v1/swagger.json - - - 200 - application/json;charset=utf-8 9.6474ms 
2025-03-05 11:07:13.4807 | INFO | Microsoft.AspNetCore.Hosting.Diagnostics | Request starting HTTP/2 DELETE https://localhost:7210/HelloGreeting/Delete application/json 13 
2025-03-05 11:07:13.4947 | INFO | Microsoft.AspNetCore.Routing.EndpointMiddleware | Executing endpoint 'HelloGreetingApplication.Controllers.HelloGreetingController.DeleteGreeting (HelloGreetingApplication)' 
2025-03-05 11:07:13.5381 | INFO | Microsoft.AspNetCore.Mvc.Infrastructure.ControllerActionInvoker | Route matched with {action = "DeleteGreeting", controller = "HelloGreeting"}. Executing controller action with signature Microsoft.AspNetCore.Mvc.IActionResult DeleteGreeting(ModelLayer.Model.FindByIdGreetingModel) on controller HelloGreetingApplication.Controllers.HelloGreetingController (HelloGreetingApplication). 
2025-03-05 11:07:14.0131 | INFO | HelloGreetingApplication.Controllers.HelloGreetingController | DELETE request received at /HelloGreeting/Delete 
2025-03-05 11:07:14.0131 | INFO | BusinessLayer.Service.GreetingBL | Business Layer - DeleteGreeting method started. 
2025-03-05 11:07:14.0151 | INFO | RepositoryLayer.Service.GreetingRL | Repository Layer - DeleteGreeting method started. 
2025-03-05 11:07:15.0544 | INFO | Microsoft.EntityFrameworkCore.Infrastructure | Entity Framework Core 6.0.36 initialized 'GreetingContext' using provider 'Microsoft.EntityFrameworkCore.SqlServer:6.0.36' with options: None 
2025-03-05 11:07:16.8210 | INFO | Microsoft.EntityFrameworkCore.Database.Command | Executed DbCommand (119ms) [Parameters=[@__p_0='?' (DbType = Int32)], CommandType='Text', CommandTimeout='30']
SELECT TOP(1) [g].[Id], [g].[Greeting]
FROM [Greetings] AS [g]
WHERE [g].[Id] = @__p_0 
2025-03-05 11:07:17.1540 | INFO | Microsoft.EntityFrameworkCore.Database.Command | Executed DbCommand (14ms) [Parameters=[@p0='?' (DbType = Int32)], CommandType='Text', CommandTimeout='30']
SET NOCOUNT ON;
DELETE FROM [Greetings]
WHERE [Id] = @p0;
SELECT @@ROWCOUNT; 
2025-03-05 11:07:17.1854 | INFO | RepositoryLayer.Service.GreetingRL | Repository Layer - Greeting deleted successfully. 
2025-03-05 11:07:17.1854 | INFO | HelloGreetingApplication.Controllers.HelloGreetingController | DELETE request processed successfully 
2025-03-05 11:07:17.1948 | INFO | Microsoft.AspNetCore.Mvc.Infrastructure.ObjectResultExecutor | Executing OkObjectResult, writing value of type 'ModelLayer.Model.ResponseModel`1[[RepositoryLayer.Entity.GreetingEntity, RepositoryLayer, Version=1.0.0.0, Culture=neutral, PublicKeyToken=null]]'. 
2025-03-05 11:07:17.2061 | INFO | Microsoft.AspNetCore.Mvc.Infrastructure.ControllerActionInvoker | Executed action HelloGreetingApplication.Controllers.HelloGreetingController.DeleteGreeting (HelloGreetingApplication) in 3662.1128ms 
2025-03-05 11:07:17.2061 | INFO | Microsoft.AspNetCore.Routing.EndpointMiddleware | Executed endpoint 'HelloGreetingApplication.Controllers.HelloGreetingController.DeleteGreeting (HelloGreetingApplication)' 
2025-03-05 11:07:17.2222 | INFO | Microsoft.AspNetCore.Hosting.Diagnostics | Request finished HTTP/2 DELETE https://localhost:7210/HelloGreeting/Delete application/json 13 - 200 - application/json;+charset=utf-8 3741.6943ms 
2025-03-05 11:07:36.0525 | INFO | Microsoft.AspNetCore.Hosting.Diagnostics | Request starting HTTP/2 GET https://localhost:7210/HelloGreeting/GetAll - - 
2025-03-05 11:07:36.0525 | INFO | Microsoft.AspNetCore.Routing.EndpointMiddleware | Executing endpoint 'HelloGreetingApplication.Controllers.HelloGreetingController.GetAllGreeting (HelloGreetingApplication)' 
2025-03-05 11:07:36.0525 | INFO | Microsoft.AspNetCore.Mvc.Infrastructure.ControllerActionInvoker | Route matched with {action = "GetAllGreeting", controller = "HelloGreeting"}. Executing controller action with signature Microsoft.AspNetCore.Mvc.IActionResult GetAllGreeting() on controller HelloGreetingApplication.Controllers.HelloGreetingController (HelloGreetingApplication). 
2025-03-05 11:07:36.0525 | INFO | HelloGreetingApplication.Controllers.HelloGreetingController | GET request received at /HelloGreeting/GetAll 
2025-03-05 11:07:36.0525 | INFO | BusinessLayer.Service.GreetingBL | Business Layer - GetAllGreetings method started. 
2025-03-05 11:07:36.0610 | INFO | RepositoryLayer.Service.GreetingRL | Repository Layer - GetAllGreetings method started. 
2025-03-05 11:07:36.1109 | INFO | Microsoft.EntityFrameworkCore.Infrastructure | Entity Framework Core 6.0.36 initialized 'GreetingContext' using provider 'Microsoft.EntityFrameworkCore.SqlServer:6.0.36' with options: None 
2025-03-05 11:07:36.1320 | INFO | Microsoft.EntityFrameworkCore.Database.Command | Executed DbCommand (14ms) [Parameters=[], CommandType='Text', CommandTimeout='30']
SELECT [g].[Id], [g].[Greeting]
FROM [Greetings] AS [g] 
2025-03-05 11:07:36.1320 | INFO | RepositoryLayer.Service.GreetingRL | Repository Layer - Greetings found successfully. 
2025-03-05 11:07:36.1320 | INFO | HelloGreetingApplication.Controllers.HelloGreetingController | GET request processed successfully 
2025-03-05 11:07:36.1320 | INFO | Microsoft.AspNetCore.Mvc.Infrastructure.ObjectResultExecutor | Executing OkObjectResult, writing value of type 'ModelLayer.Model.ResponseModel`1[[System.Collections.Generic.List`1[[RepositoryLayer.Entity.GreetingEntity, RepositoryLayer, Version=1.0.0.0, Culture=neutral, PublicKeyToken=null]], System.Private.CoreLib, Version=6.0.0.0, Culture=neutral, PublicKeyToken=7cec85d7bea7798e]]'. 
2025-03-05 11:07:36.1320 | INFO | Microsoft.AspNetCore.Mvc.Infrastructure.ControllerActionInvoker | Executed action HelloGreetingApplication.Controllers.HelloGreetingController.GetAllGreeting (HelloGreetingApplication) in 75.2413ms 
2025-03-05 11:07:36.1320 | INFO | Microsoft.AspNetCore.Routing.EndpointMiddleware | Executed endpoint 'HelloGreetingApplication.Controllers.HelloGreetingController.GetAllGreeting (HelloGreetingApplication)' 
2025-03-05 11:07:36.1320 | INFO | Microsoft.AspNetCore.Hosting.Diagnostics | Request finished HTTP/2 GET https://localhost:7210/HelloGreeting/GetAll - - - 200 - application/json;+charset=utf-8 82.2959ms 
